testApp/app/build/intermediates/manifest_merge_blame_file/debug/processDebugMainManifest/manifest-merger-blame-debug-report.txt
1<?xml version="1.0" encoding="utf-8"?>
2<manifest xmlns:android="http://schemas.android.com/apk/res/android"
3    package="vn.edu.usth.test"
4    android:versionCode="1"
5    android:versionName="1.0" >
6
7    <uses-sdk
8        android:minSdkVersion="25"
9        android:targetSdkVersion="34" />
10
11    <uses-permission android:name="android.permission.INTERNET" />
11-->src\main\AndroidManifest.xml:5:5-67
11-->src\main\AndroidManifest.xml:5:22-64
12    <uses-permission android:name="android.permission.ACCESS_NETWORK_STATE" />
12-->[com.google.android.exoplayer:exoplayer-core:2.18.1] AndroidManifest.xml:24:5-79
12-->[com.google.android.exoplayer:exoplayer-core:2.18.1] AndroidManifest.xml:24:22-76
13
14    <permission
14-->[androidx.core:core:1.13.1] AndroidManifest.xml:22:5-24:47
15        android:name="vn.edu.usth.test.DYNAMIC_RECEIVER_NOT_EXPORTED_PERMISSION"
15-->[androidx.core:core:1.13.1] AndroidManifest.xml:23:9-81
16        android:protectionLevel="signature" />
16-->[androidx.core:core:1.13.1] AndroidManifest.xml:24:9-44
17
18    <uses-permission android:name="vn.edu.usth.test.DYNAMIC_RECEIVER_NOT_EXPORTED_PERMISSION" />
18-->[androidx.core:core:1.13.1] AndroidManifest.xml:26:5-97
18-->[androidx.core:core:1.13.1] AndroidManifest.xml:26:22-94
19
20    <application
20-->src\main\AndroidManifest.xml:7:5-55:19
21        android:allowBackup="true"
21-->src\main\AndroidManifest.xml:8:9-35
22        android:appComponentFactory="androidx.core.app.CoreComponentFactory"
22-->[androidx.core:core:1.13.1] AndroidManifest.xml:28:18-86
23        android:dataExtractionRules="@xml/data_extraction_rules"
23-->src\main\AndroidManifest.xml:9:9-65
24        android:debuggable="true"
25        android:extractNativeLibs="false"
26        android:fullBackupContent="@xml/backup_rules"
26-->src\main\AndroidManifest.xml:10:9-54
27        android:icon="@mipmap/ic_news"
27-->src\main\AndroidManifest.xml:11:9-39
28        android:label="@string/app_name"
28-->src\main\AndroidManifest.xml:12:9-41
29        android:roundIcon="@mipmap/ic_news_round"
29-->src\main\AndroidManifest.xml:13:9-50
30        android:supportsRtl="true"
30-->src\main\AndroidManifest.xml:14:9-35
31        android:testOnly="true"
32        android:theme="@style/AppTheme" >
32-->src\main\AndroidManifest.xml:15:9-40
33        <activity
33-->src\main\AndroidManifest.xml:17:9-19:39
34            android:name="vn.edu.usth.test.FullScreenPodcastActivity"
34-->src\main\AndroidManifest.xml:18:13-54
35            android:exported="false" />
35-->src\main\AndroidManifest.xml:19:13-37
36        <activity
36-->src\main\AndroidManifest.xml:20:9-22:40
37            android:name="vn.edu.usth.test.PodcastActivity"
37-->src\main\AndroidManifest.xml:21:13-44
38            android:exported="false" />
38-->src\main\AndroidManifest.xml:22:13-37
39        <activity
39-->src\main\AndroidManifest.xml:23:9-25:40
40            android:name="vn.edu.usth.test.MoreActivity"
40-->src\main\AndroidManifest.xml:24:13-41
41            android:exported="false" />
41-->src\main\AndroidManifest.xml:25:13-37
42        <activity
42-->src\main\AndroidManifest.xml:26:9-28:40
43            android:name="vn.edu.usth.test.NewsActivity"
43-->src\main\AndroidManifest.xml:27:13-41
44            android:exported="false" />
44-->src\main\AndroidManifest.xml:28:13-37
45        <activity
45-->src\main\AndroidManifest.xml:29:9-31:40
46            android:name="vn.edu.usth.test.ProfileActivity"
46-->src\main\AndroidManifest.xml:30:13-44
47            android:exported="false" />
47-->src\main\AndroidManifest.xml:31:13-37
48        <activity
48-->src\main\AndroidManifest.xml:32:9-34:40
49            android:name="vn.edu.usth.test.Reading1Activity"
49-->src\main\AndroidManifest.xml:33:13-45
50            android:exported="false" />
50-->src\main\AndroidManifest.xml:34:13-37
51        <activity
51-->src\main\AndroidManifest.xml:35:9-38:40
52            android:name="vn.edu.usth.test.SettingsActivity"
52-->src\main\AndroidManifest.xml:36:13-45
53            android:configChanges="locale|orientation"
53-->src\main\AndroidManifest.xml:37:13-55
54            android:exported="false" />
54-->src\main\AndroidManifest.xml:38:13-37
55        <activity
55-->src\main\AndroidManifest.xml:39:9-41:40
56            android:name="vn.edu.usth.test.RegisterActivity"
56-->src\main\AndroidManifest.xml:40:13-45
57            android:exported="false" />
57-->src\main\AndroidManifest.xml:41:13-37
58        <activity
58-->src\main\AndroidManifest.xml:42:9-44:40
59            android:name="vn.edu.usth.test.AccountActivity"
59-->src\main\AndroidManifest.xml:43:13-44
60            android:exported="false" />
60-->src\main\AndroidManifest.xml:44:13-37
61        <activity
61-->src\main\AndroidManifest.xml:45:9-54:20
62            android:name="vn.edu.usth.test.SplashActivity"
62-->src\main\AndroidManifest.xml:46:13-43
63            android:exported="true"
63-->src\main\AndroidManifest.xml:47:13-36
64            android:label="@string/app_name" >
64-->src\main\AndroidManifest.xml:48:13-45
65            <intent-filter>
65-->src\main\AndroidManifest.xml:49:13-53:29
66                <action android:name="android.intent.action.MAIN" />
66-->src\main\AndroidManifest.xml:50:17-69
66-->src\main\AndroidManifest.xml:50:25-66
67
68                <category android:name="android.intent.category.LAUNCHER" />
68-->src\main\AndroidManifest.xml:52:17-77
68-->src\main\AndroidManifest.xml:52:27-74
69            </intent-filter>
70        </activity>
71        <activity
71-->[androidx.compose.ui:ui-tooling-android:1.6.6] AndroidManifest.xml:23:9-25:39
72            android:name="androidx.compose.ui.tooling.PreviewActivity"
72-->[androidx.compose.ui:ui-tooling-android:1.6.6] AndroidManifest.xml:24:13-71
73            android:exported="true" />
73-->[androidx.compose.ui:ui-tooling-android:1.6.6] AndroidManifest.xml:25:13-36
74        <activity
74-->[androidx.compose.ui:ui-test-manifest:1.6.6] AndroidManifest.xml:23:9-25:39
75            android:name="androidx.activity.ComponentActivity"
75-->[androidx.compose.ui:ui-test-manifest:1.6.6] AndroidManifest.xml:24:13-63
76            android:exported="true" />
76-->[androidx.compose.ui:ui-test-manifest:1.6.6] AndroidManifest.xml:25:13-36
77
78        <provider
78-->[androidx.emoji2:emoji2:1.3.0] AndroidManifest.xml:24:9-32:20
79            android:name="androidx.startup.InitializationProvider"
79-->[androidx.emoji2:emoji2:1.3.0] AndroidManifest.xml:25:13-67
80            android:authorities="vn.edu.usth.test.androidx-startup"
80-->[androidx.emoji2:emoji2:1.3.0] AndroidManifest.xml:26:13-68
81            android:exported="false" >
81-->[androidx.emoji2:emoji2:1.3.0] AndroidManifest.xml:27:13-37
82            <meta-data
82-->[androidx.emoji2:emoji2:1.3.0] AndroidManifest.xml:29:13-31:52
83                android:name="androidx.emoji2.text.EmojiCompatInitializer"
83-->[androidx.emoji2:emoji2:1.3.0] AndroidManifest.xml:30:17-75
84                android:value="androidx.startup" />
84-->[androidx.emoji2:emoji2:1.3.0] AndroidManifest.xml:31:17-49
85            <meta-data
85-->[androidx.lifecycle:lifecycle-process:2.8.5] AndroidManifest.xml:29:13-31:52
86                android:name="androidx.lifecycle.ProcessLifecycleInitializer"
86-->[androidx.lifecycle:lifecycle-process:2.8.5] AndroidManifest.xml:30:17-78
87                android:value="androidx.startup" />
87-->[androidx.lifecycle:lifecycle-process:2.8.5] AndroidManifest.xml:31:17-49
88            <meta-data
88-->[androidx.profileinstaller:profileinstaller:1.3.1] AndroidManifest.xml:29:13-31:52
89                android:name="androidx.profileinstaller.ProfileInstallerInitializer"
89-->[androidx.profileinstaller:profileinstaller:1.3.1] AndroidManifest.xml:30:17-85
90                android:value="androidx.startup" />
90-->[androidx.profileinstaller:profileinstaller:1.3.1] AndroidManifest.xml:31:17-49
91        </provider>
92
93        <uses-library
93-->[androidx.window:window:1.0.0] AndroidManifest.xml:25:9-27:40
94            android:name="androidx.window.extensions"
94-->[androidx.window:window:1.0.0] AndroidManifest.xml:26:13-54
95            android:required="false" />
95-->[androidx.window:window:1.0.0] AndroidManifest.xml:27:13-37
96        <uses-library
96-->[androidx.window:window:1.0.0] AndroidManifest.xml:28:9-30:40
97            android:name="androidx.window.sidecar"
97-->[androidx.window:window:1.0.0] AndroidManifest.xml:29:13-51
98            android:required="false" />
98-->[androidx.window:window:1.0.0] AndroidManifest.xml:30:13-37
99
100        <provider
100-->[com.squareup.picasso:picasso:2.71828] AndroidManifest.xml:8:9-11:40
101            android:name="com.squareup.picasso.PicassoProvider"
101-->[com.squareup.picasso:picasso:2.71828] AndroidManifest.xml:9:13-64
102            android:authorities="vn.edu.usth.test.com.squareup.picasso"
102-->[com.squareup.picasso:picasso:2.71828] AndroidManifest.xml:10:13-72
103            android:exported="false" />
103-->[com.squareup.picasso:picasso:2.71828] AndroidManifest.xml:11:13-37
104
105        <receiver
105-->[androidx.profileinstaller:profileinstaller:1.3.1] AndroidManifest.xml:34:9-52:20
106            android:name="androidx.profileinstaller.ProfileInstallReceiver"
106-->[androidx.profileinstaller:profileinstaller:1.3.1] AndroidManifest.xml:35:13-76
107            android:directBootAware="false"
107-->[androidx.profileinstaller:profileinstaller:1.3.1] AndroidManifest.xml:36:13-44
108            android:enabled="true"
108-->[androidx.profileinstaller:profileinstaller:1.3.1] AndroidManifest.xml:37:13-35
109            android:exported="true"
109-->[androidx.profileinstaller:profileinstaller:1.3.1] AndroidManifest.xml:38:13-36
110            android:permission="android.permission.DUMP" >
110-->[androidx.profileinstaller:profileinstaller:1.3.1] AndroidManifest.xml:39:13-57
111            <intent-filter>
111-->[androidx.profileinstaller:profileinstaller:1.3.1] AndroidManifest.xml:40:13-42:29
112                <action android:name="androidx.profileinstaller.action.INSTALL_PROFILE" />
112-->[androidx.profileinstaller:profileinstaller:1.3.1] AndroidManifest.xml:41:17-91
112-->[androidx.profileinstaller:profileinstaller:1.3.1] AndroidManifest.xml:41:25-88
113            </intent-filter>
114            <intent-filter>
114-->[androidx.profileinstaller:profileinstaller:1.3.1] AndroidManifest.xml:43:13-45:29
115                <action android:name="androidx.profileinstaller.action.SKIP_FILE" />
115-->[androidx.profileinstaller:profileinstaller:1.3.1] AndroidManifest.xml:44:17-85
115-->[androidx.profileinstaller:profileinstaller:1.3.1] AndroidManifest.xml:44:25-82
116            </intent-filter>
117            <intent-filter>
117-->[androidx.profileinstaller:profileinstaller:1.3.1] AndroidManifest.xml:46:13-48:29
118                <action android:name="androidx.profileinstaller.action.SAVE_PROFILE" />
118-->[androidx.profileinstaller:profileinstaller:1.3.1] AndroidManifest.xml:47:17-88
118-->[androidx.profileinstaller:profileinstaller:1.3.1] AndroidManifest.xml:47:25-85
119            </intent-filter>
120            <intent-filter>
120-->[androidx.profileinstaller:profileinstaller:1.3.1] AndroidManifest.xml:49:13-51:29
121                <action android:name="androidx.profileinstaller.action.BENCHMARK_OPERATION" />
121-->[androidx.profileinstaller:profileinstaller:1.3.1] AndroidManifest.xml:50:17-95
121-->[androidx.profileinstaller:profileinstaller:1.3.1] AndroidManifest.xml:50:25-92
122            </intent-filter>
123        </receiver>
124    </application>
125
126</manifest>